0 info it worked if it ends with ok
1 verbose cli [ '/usr/local/bin/node', '/usr/local/bin/npm', 'run', 'build' ]
2 info using npm@3.10.10
3 info using node@v6.11.3
4 verbose run-script [ 'prebuild', 'build', 'postbuild' ]
5 info lifecycle reactjs-basics@1.0.0~prebuild: reactjs-basics@1.0.0
6 silly lifecycle reactjs-basics@1.0.0~prebuild: no script for prebuild, continuing
7 info lifecycle reactjs-basics@1.0.0~build: reactjs-basics@1.0.0
8 verbose lifecycle reactjs-basics@1.0.0~build: unsafe-perm in lifecycle true
9 verbose lifecycle reactjs-basics@1.0.0~build: PATH: /usr/local/lib/node_modules/npm/bin/node-gyp-bin:/Users/DucMinhNguyen/reactjs-basics/node_modules/.bin:/usr/bin:/bin:/usr/sbin:/sbin:/usr/local/bin:/Applications/DevDesktop/tools
10 verbose lifecycle reactjs-basics@1.0.0~build: CWD: /Users/DucMinhNguyen/reactjs-basics
11 silly lifecycle reactjs-basics@1.0.0~build: Args: [ '-c',
11 silly lifecycle   'webpack -d && cp src/index.html dist/index.html && webpack-dev-server --content-base src/ --inline --hot' ]
12 silly lifecycle reactjs-basics@1.0.0~build: Returned: code: 1  signal: null
13 info lifecycle reactjs-basics@1.0.0~build: Failed to exec build script
14 verbose stack Error: reactjs-basics@1.0.0 build: `webpack -d && cp src/index.html dist/index.html && webpack-dev-server --content-base src/ --inline --hot`
14 verbose stack Exit status 1
14 verbose stack     at EventEmitter.<anonymous> (/usr/local/lib/node_modules/npm/lib/utils/lifecycle.js:255:16)
14 verbose stack     at emitTwo (events.js:106:13)
14 verbose stack     at EventEmitter.emit (events.js:191:7)
14 verbose stack     at ChildProcess.<anonymous> (/usr/local/lib/node_modules/npm/lib/utils/spawn.js:40:14)
14 verbose stack     at emitTwo (events.js:106:13)
14 verbose stack     at ChildProcess.emit (events.js:191:7)
14 verbose stack     at maybeClose (internal/child_process.js:920:16)
14 verbose stack     at Process.ChildProcess._handle.onexit (internal/child_process.js:230:5)
15 verbose pkgid reactjs-basics@1.0.0
16 verbose cwd /Users/DucMinhNguyen/reactjs-basics
17 error Darwin 13.4.0
18 error argv "/usr/local/bin/node" "/usr/local/bin/npm" "run" "build"
19 error node v6.11.3
20 error npm  v3.10.10
21 error code ELIFECYCLE
22 error reactjs-basics@1.0.0 build: `webpack -d && cp src/index.html dist/index.html && webpack-dev-server --content-base src/ --inline --hot`
22 error Exit status 1
23 error Failed at the reactjs-basics@1.0.0 build script 'webpack -d && cp src/index.html dist/index.html && webpack-dev-server --content-base src/ --inline --hot'.
23 error Make sure you have the latest version of node.js and npm installed.
23 error If you do, this is most likely a problem with the reactjs-basics package,
23 error not with npm itself.
23 error Tell the author that this fails on your system:
23 error     webpack -d && cp src/index.html dist/index.html && webpack-dev-server --content-base src/ --inline --hot
23 error You can get information on how to open an issue for this project with:
23 error     npm bugs reactjs-basics
23 error Or if that isn't available, you can get their info via:
23 error     npm owner ls reactjs-basics
23 error There is likely additional logging output above.
24 verbose exit [ 1, true ]
